### ISSUE TITLE
Windows vSphere node crashing from ExfAcquireRundownProtection

### ISSUE THREAD

**Issue by benmoss** [kubernetes/kubernetes#79658]
I recently had a node crash on the [vSphere Windows test job](https://k8s-testgrid.appspot.com/sig-windows#cfcr-vsphere-windows-master). The crash dump file points to the symbol `ExfAcquireRundownProtection` from `netio.sys`.

- [WinDbg logs](https://gist.github.com/benmoss/ccf17496a13a4f1e72730b3dd4295480)
- [Crash dump file](https://storage.googleapis.com/pivotal-e2e-results/crash%20dumps/dump06022019.dmp.tgz)

Windows version:
```
Major  Minor  Build  Revision
-----  -----  -----  --------
10     0      17763  0

Source        Description      HotFixID      InstalledBy          InstalledOn
------        -----------      --------      -----------          -----------
WIN-M89VH4... Update           KB4502559     WIN-M89VH4H22E1\p... 6/26/2019 12:00:00 AM
WIN-M89VH4... Security Update  KB4504369     NT AUTHORITY\SYSTEM  6/26/2019 12:00:00 AM
WIN-M89VH4... Update           KB4501371     WIN-M89VH4H22E1\p... 6/26/2019 12:00:00 AM
```

cc @PatrickLang  @daschott  @kubernetes/sig-windows-bugs @dineshgovindasamy 

/sig windows

**Comment by harishsrini** [comment]
@benmoss Is there any chance we can repro this locally? We looked at the dump and think that the failure could be happening either during Container Start or Termination. But in order to understand the issue further, it would be helpful if we can setup a local repro. Do you think setting up a local repro is feasible? If yes, can you please share the steps that we can use to setup a local repro?

**Comment by benmoss** [comment]
@harishsrini we ran into this while running the Windows conformance suite. We have only seen this crash once over the course of several weeks of testing. The best I can do in terms of a repro is just giving you [this script](https://gist.github.com/benmoss/50bde6205c1e9b69c2d18e13596a8362) that we use to run the tests, a potentially important bit being that we set `$PARALLELISM` to 25.

**Comment by harishsrini** [comment]
Thanks @benmoss . We will try this internally and ping you if we need any additional information.

**Comment by benmoss** [comment]
I am still encountering this crash periodically, let me know if another crash dump file would be useful.

**Comment by daschott** [comment]
Is this still active?
@harishsrini have you been able to get a repro?

**Comment by harishsrini** [comment]
We haven't been able to repro this locally.

**Comment by benmoss** [comment]
I haven't seen this in a while, but I haven't been running clusters in the same way that I used to. My suspicion in the end was that something we were doing with BOSH Windows was playing a role here. I am fine to let this go.

/close

**Comment by hxietkg** [comment]
I got the same issue:

```
 # Child-SP          RetAddr               Call Site
00 fffffb00`2c8f5e08 fffff807`3f9e73a4     nt!KeBugCheckEx
01 fffffb00`2c8f5e10 fffff807`3f9a8b0f     nt!PspSystemThreadStartup$filt$0+0x44
02 fffffb00`2c8f5e50 fffff807`3f9d7aef     nt!_C_specific_handler+0x9f
03 fffffb00`2c8f5ec0 fffff807`3f879010     nt!RtlpExecuteHandlerForException+0xf
04 fffffb00`2c8f5ef0 fffff807`3f91c4d4     nt!RtlDispatchException+0x430
05 fffffb00`2c8f6640 fffff807`3f9e08c2     nt!KiDispatchException+0x144
06 fffffb00`2c8f6cf0 fffff807`3f9dcbae     nt!KiExceptionDispatch+0xc2
07 fffffb00`2c8f6ed0 fffff807`3f913583     nt!KiPageFault+0x42e
08 fffffb00`2c8f7068 fffff801`0afa6fe1     nt!ExfAcquireRundownProtection+0x3
09 fffffb00`2c8f7070 fffff801`0afa6e79     afd!AfdNotifyIPAvailabilityConsumers+0x99
0a fffffb00`2c8f70e0 fffff801`0afa68e9     afd!AfdCommonAddAddressHandler+0x20d
0b fffffb00`2c8f7130 fffff801`0afcbe02     afd!AfdNsiAddressChangeEventAtPassive+0xd5
0c fffffb00`2c8f7240 fffff801`09759822     afd!AfdNsiAddressChangeEvent+0x52
0d fffffb00`2c8f7270 fffff801`0b69304b     NETIO!NsiParameterChange+0xf2
0e fffffb00`2c8f7320 fffff801`0b6826d9     tcpip!IppNotifyAddressChangeAtPassive+0x17b
0f fffffb00`2c8f7440 fffff801`097593f8     tcpip!InetNsiWorkQueueRoutine+0x19
10 fffffb00`2c8f7470 fffff807`3f81edcb     NETIO!NetiopIoWorkItemRoutine+0x48
11 fffffb00`2c8f74c0 fffff807`3f842f2a     nt!IopProcessWorkItem+0x8b
12 fffffb00`2c8f7530 fffff807`3f9353a5     nt!ExpWorkerThread+0x16a
13 fffffb00`2c8f75d0 fffff807`3f9d645c     nt!PspSystemThreadStartup+0x55
14 fffffb00`2c8f7620 00000000`00000000     nt!KiStartSystemThread+0x1c
```

```
CONTEXT:  fffffb002c8f6670 -- (.cxr 0xfffffb002c8f6670)
rax=0000000000000000 rbx=0000000000000003 rcx=0000000000000010
rdx=000000000000000c rsi=0000000000000000 rdi=fffffb002c8f7101
rip=fffff8073f913583 rsp=fffffb002c8f7068 rbp=fffffb002c8f71c8
 r8=fffffb002c8f7070  r9=7fff890b22229300 r10=7ffffffffffffffc
r11=ffffcf068ca92040 r12=0000000000000001 r13=ffffcf067468fa60
r14=0000000000000001 r15=fffffb002c8f73f0
iopl=0         nv up ei ng nz na po nc
cs=0010  ss=0000  ds=002b  es=002b  fs=0053  gs=002b             efl=00010286
nt!ExfAcquireRundownProtection+0x3:
fffff807`3f913583 488b01          mov     rax,qword ptr [rcx] ds:002b:00000000`00000010=????????????????
Resetting default scope
```

```
EXCEPTION_RECORD:  fffffb002c8f6e28 -- (.exr 0xfffffb002c8f6e28)
ExceptionAddress: fffff8073f913583 (nt!ExfAcquireRundownProtection+0x0000000000000003)
   ExceptionCode: c0000005 (Access violation)
  ExceptionFlags: 00000000
NumberParameters: 2
   Parameter[0]: 0000000000000000
   Parameter[1]: 0000000000000010
Attempt to read from address 0000000000000010
```

ExfAcquireRundownProtection was accessing a NULL pointer:
```
0: kd> uf ExfAcquireRundownProtection
nt!ExfAcquireRundownProtection:
fffff807`3f913580 0f0d09          prefetchw [rcx]
fffff807`3f913583 488b01          mov     rax,qword ptr [rcx]
fffff807`3f913586 a801            test    al,1
fffff807`3f913588 750e            jne     nt!ExfAcquireRundownProtection+0x18 (fffff807`3f913598)  Branch
```
The NULL pointer is from afd!AfdPodGetCurrent:
```
afd!AfdNotifyIPAvailabilityConsumers+0x86:
fffff801`0afa6fce e8dde4ffff      call    afd!AfdPodGetCurrent (fffff801`0afa54b0)
fffff801`0afa6fd3 488bf0          mov     rsi,rax
fffff801`0afa6fd6 488d4810        lea     rcx,[rax+10h]
fffff801`0afa6fda 48ff158f75ffff  call    qword ptr [afd!_imp_ExAcquireRundownProtection (fffff801`0af9e570)]
fffff801`0afa6fe1 0f1f440000      nop     dword ptr [rax+rax]
fffff801`0afa6fe6 84c0            test    al,al
fffff801`0afa6fe8 747a            je      afd!AfdNotifyIPAvailabilityConsumers+0x11c (fffff801`0afa7064)  Branch
```

Above code shows that function afd!AfdNotifyIPAvailabilityConsumers doesn't check the return value from afd!AfdPodGetCurrent.
