mode: set
k8s.io/kubernetes/cmd/kubelet/app/auth.go:38.142,44.55 2 0
k8s.io/kubernetes/cmd/kubelet/app/auth.go:49.2,50.16 2 0
k8s.io/kubernetes/cmd/kubelet/app/auth.go:54.2,57.16 3 0
k8s.io/kubernetes/cmd/kubelet/app/auth.go:61.2,61.74 1 0
k8s.io/kubernetes/cmd/kubelet/app/auth.go:44.55,47.3 2 0
k8s.io/kubernetes/cmd/kubelet/app/auth.go:50.16,52.3 1 0
k8s.io/kubernetes/cmd/kubelet/app/auth.go:57.16,59.3 1 0
k8s.io/kubernetes/cmd/kubelet/app/auth.go:65.141,72.27 2 0
k8s.io/kubernetes/cmd/kubelet/app/auth.go:79.2,80.27 2 0
k8s.io/kubernetes/cmd/kubelet/app/auth.go:72.27,73.20 1 0
k8s.io/kubernetes/cmd/kubelet/app/auth.go:76.3,76.55 1 0
k8s.io/kubernetes/cmd/kubelet/app/auth.go:73.20,75.4 1 0
k8s.io/kubernetes/cmd/kubelet/app/auth.go:84.147,85.20 1 0
k8s.io/kubernetes/cmd/kubelet/app/auth.go:86.57,87.59 1 0
k8s.io/kubernetes/cmd/kubelet/app/auth.go:89.53,90.20 1 0
k8s.io/kubernetes/cmd/kubelet/app/auth.go:93.3,98.32 2 0
k8s.io/kubernetes/cmd/kubelet/app/auth.go:100.10,101.60 1 0
k8s.io/kubernetes/cmd/kubelet/app/auth.go:103.10,104.70 1 0
k8s.io/kubernetes/cmd/kubelet/app/auth.go:90.20,92.4 1 0
k8s.io/kubernetes/cmd/kubelet/app/init_others.go:21.36,23.2 1 0
k8s.io/kubernetes/cmd/kubelet/app/plugins.go:65.49,100.74 28 0
k8s.io/kubernetes/cmd/kubelet/app/plugins.go:103.2,103.19 1 0
k8s.io/kubernetes/cmd/kubelet/app/plugins.go:100.74,102.3 1 0
k8s.io/kubernetes/cmd/kubelet/app/plugins.go:109.97,111.2 1 0
k8s.io/kubernetes/cmd/kubelet/app/server.go:108.63,114.16 5 0
k8s.io/kubernetes/cmd/kubelet/app/server.go:118.2,144.48 1 0
k8s.io/kubernetes/cmd/kubelet/app/server.go:268.2,275.50 6 0
k8s.io/kubernetes/cmd/kubelet/app/server.go:279.2,279.58 1 0
k8s.io/kubernetes/cmd/kubelet/app/server.go:283.2,283.12 1 0
k8s.io/kubernetes/cmd/kubelet/app/server.go:114.16,116.3 1 0
k8s.io/kubernetes/cmd/kubelet/app/server.go:144.48,146.51 1 0
k8s.io/kubernetes/cmd/kubelet/app/server.go:152.4,153.21 2 0
k8s.io/kubernetes/cmd/kubelet/app/server.go:159.4,160.18 2 0
k8s.io/kubernetes/cmd/kubelet/app/server.go:163.4,163.12 1 0
k8s.io/kubernetes/cmd/kubelet/app/server.go:169.4,173.103 3 0
k8s.io/kubernetes/cmd/kubelet/app/server.go:178.4,178.69 1 0
k8s.io/kubernetes/cmd/kubelet/app/server.go:182.4,182.102 1 0
k8s.io/kubernetes/cmd/kubelet/app/server.go:187.4,187.73 1 0
k8s.io/kubernetes/cmd/kubelet/app/server.go:206.4,206.94 1 0
k8s.io/kubernetes/cmd/kubelet/app/server.go:211.4,212.92 2 0
k8s.io/kubernetes/cmd/kubelet/app/server.go:237.4,244.18 3 0
k8s.io/kubernetes/cmd/kubelet/app/server.go:249.4,252.57 2 0
k8s.io/kubernetes/cmd/kubelet/app/server.go:260.4,261.66 2 0
k8s.io/kubernetes/cmd/kubelet/app/server.go:146.51,149.5 2 0
k8s.io/kubernetes/cmd/kubelet/app/server.go:153.21,156.5 2 0
k8s.io/kubernetes/cmd/kubelet/app/server.go:160.18,162.5 1 0
k8s.io/kubernetes/cmd/kubelet/app/server.go:163.12,166.5 2 0
k8s.io/kubernetes/cmd/kubelet/app/server.go:173.103,175.5 1 0
k8s.io/kubernetes/cmd/kubelet/app/server.go:178.69,180.5 1 0
k8s.io/kubernetes/cmd/kubelet/app/server.go:182.102,184.5 1 0
k8s.io/kubernetes/cmd/kubelet/app/server.go:187.73,189.19 2 0
k8s.io/kubernetes/cmd/kubelet/app/server.go:195.5,195.76 1 0
k8s.io/kubernetes/cmd/kubelet/app/server.go:199.5,199.104 1 0
k8s.io/kubernetes/cmd/kubelet/app/server.go:189.19,191.6 1 0
k8s.io/kubernetes/cmd/kubelet/app/server.go:195.76,197.6 1 0
k8s.io/kubernetes/cmd/kubelet/app/server.go:199.104,201.6 1 0
k8s.io/kubernetes/cmd/kubelet/app/server.go:206.94,208.5 1 0
k8s.io/kubernetes/cmd/kubelet/app/server.go:212.92,215.65 2 0
k8s.io/kubernetes/cmd/kubelet/app/server.go:222.5,222.19 1 0
k8s.io/kubernetes/cmd/kubelet/app/server.go:226.5,226.36 1 0
k8s.io/kubernetes/cmd/kubelet/app/server.go:215.65,221.7 1 0
k8s.io/kubernetes/cmd/kubelet/app/server.go:222.19,224.6 1 0
k8s.io/kubernetes/cmd/kubelet/app/server.go:226.36,230.105 2 0
k8s.io/kubernetes/cmd/kubelet/app/server.go:230.105,232.7 1 0
k8s.io/kubernetes/cmd/kubelet/app/server.go:244.18,246.5 1 0
k8s.io/kubernetes/cmd/kubelet/app/server.go:252.57,253.93 1 0
k8s.io/kubernetes/cmd/kubelet/app/server.go:256.5,256.11 1 0
k8s.io/kubernetes/cmd/kubelet/app/server.go:253.93,255.6 1 0
k8s.io/kubernetes/cmd/kubelet/app/server.go:261.66,263.5 1 0
k8s.io/kubernetes/cmd/kubelet/app/server.go:275.50,278.3 2 0
k8s.io/kubernetes/cmd/kubelet/app/server.go:279.58,281.3 1 0
k8s.io/kubernetes/cmd/kubelet/app/server.go:288.45,295.2 4 0
k8s.io/kubernetes/cmd/kubelet/app/server.go:299.55,302.34 3 0
k8s.io/kubernetes/cmd/kubelet/app/server.go:305.2,305.12 1 0
k8s.io/kubernetes/cmd/kubelet/app/server.go:302.34,304.3 1 0
k8s.io/kubernetes/cmd/kubelet/app/server.go:312.103,323.39 5 0
k8s.io/kubernetes/cmd/kubelet/app/server.go:327.2,327.29 1 0
k8s.io/kubernetes/cmd/kubelet/app/server.go:332.2,332.12 1 0
k8s.io/kubernetes/cmd/kubelet/app/server.go:323.39,325.3 1 0
k8s.io/kubernetes/cmd/kubelet/app/server.go:327.29,328.39 1 0
k8s.io/kubernetes/cmd/kubelet/app/server.go:328.39,330.4 1 0
k8s.io/kubernetes/cmd/kubelet/app/server.go:335.87,339.16 3 0
k8s.io/kubernetes/cmd/kubelet/app/server.go:342.2,343.16 2 0
k8s.io/kubernetes/cmd/kubelet/app/server.go:346.2,347.16 2 0
k8s.io/kubernetes/cmd/kubelet/app/server.go:350.2,350.16 1 0
k8s.io/kubernetes/cmd/kubelet/app/server.go:339.16,341.3 1 0
k8s.io/kubernetes/cmd/kubelet/app/server.go:343.16,345.3 1 0
k8s.io/kubernetes/cmd/kubelet/app/server.go:347.16,349.3 1 0
k8s.io/kubernetes/cmd/kubelet/app/server.go:355.85,358.16 2 0
k8s.io/kubernetes/cmd/kubelet/app/server.go:362.2,364.21 3 0
k8s.io/kubernetes/cmd/kubelet/app/server.go:375.2,376.60 2 0
k8s.io/kubernetes/cmd/kubelet/app/server.go:384.2,399.40 1 0
k8s.io/kubernetes/cmd/kubelet/app/server.go:358.16,360.3 1 0
k8s.io/kubernetes/cmd/kubelet/app/server.go:364.21,367.17 3 0
k8s.io/kubernetes/cmd/kubelet/app/server.go:370.3,372.87 2 0
k8s.io/kubernetes/cmd/kubelet/app/server.go:367.17,369.4 1 0
k8s.io/kubernetes/cmd/kubelet/app/server.go:376.60,382.3 1 0
k8s.io/kubernetes/cmd/kubelet/app/server.go:406.98,409.65 2 0
k8s.io/kubernetes/cmd/kubelet/app/server.go:412.2,412.49 1 0
k8s.io/kubernetes/cmd/kubelet/app/server.go:415.2,415.12 1 0
k8s.io/kubernetes/cmd/kubelet/app/server.go:409.65,411.3 1 0
k8s.io/kubernetes/cmd/kubelet/app/server.go:412.49,414.3 1 0
k8s.io/kubernetes/cmd/kubelet/app/server.go:418.31,419.34 1 0
k8s.io/kubernetes/cmd/kubelet/app/server.go:424.2,424.12 1 0
k8s.io/kubernetes/cmd/kubelet/app/server.go:419.34,421.3 1 0
k8s.io/kubernetes/cmd/kubelet/app/server.go:427.91,429.16 2 0
k8s.io/kubernetes/cmd/kubelet/app/server.go:432.2,433.60 2 0
k8s.io/kubernetes/cmd/kubelet/app/server.go:436.2,437.12 2 0
k8s.io/kubernetes/cmd/kubelet/app/server.go:429.16,431.3 1 0
k8s.io/kubernetes/cmd/kubelet/app/server.go:433.60,435.3 1 0
k8s.io/kubernetes/cmd/kubelet/app/server.go:440.72,442.16 2 0
k8s.io/kubernetes/cmd/kubelet/app/server.go:446.2,446.43 1 0
k8s.io/kubernetes/cmd/kubelet/app/server.go:450.2,450.12 1 0
k8s.io/kubernetes/cmd/kubelet/app/server.go:442.16,445.3 2 0
k8s.io/kubernetes/cmd/kubelet/app/server.go:446.43,449.3 2 0
k8s.io/kubernetes/cmd/kubelet/app/server.go:454.81,455.30 1 0
k8s.io/kubernetes/cmd/kubelet/app/server.go:458.2,461.33 4 0
k8s.io/kubernetes/cmd/kubelet/app/server.go:455.30,457.3 1 0
k8s.io/kubernetes/cmd/kubelet/app/server.go:461.33,464.3 2 0
k8s.io/kubernetes/cmd/kubelet/app/server.go:464.8,466.3 1 0
k8s.io/kubernetes/cmd/kubelet/app/server.go:469.104,472.16 2 0
k8s.io/kubernetes/cmd/kubelet/app/server.go:476.2,476.57 1 0
k8s.io/kubernetes/cmd/kubelet/app/server.go:481.2,481.52 1 0
k8s.io/kubernetes/cmd/kubelet/app/server.go:484.2,485.26 2 0
k8s.io/kubernetes/cmd/kubelet/app/server.go:499.2,500.16 2 0
k8s.io/kubernetes/cmd/kubelet/app/server.go:505.2,506.27 2 0
k8s.io/kubernetes/cmd/kubelet/app/server.go:510.2,510.21 1 0
k8s.io/kubernetes/cmd/kubelet/app/server.go:517.2,517.27 1 0
k8s.io/kubernetes/cmd/kubelet/app/server.go:532.2,533.16 2 0
k8s.io/kubernetes/cmd/kubelet/app/server.go:536.2,537.16 2 0
k8s.io/kubernetes/cmd/kubelet/app/server.go:542.2,542.9 1 0
k8s.io/kubernetes/cmd/kubelet/app/server.go:602.2,603.76 1 0
k8s.io/kubernetes/cmd/kubelet/app/server.go:609.2,609.26 1 0
k8s.io/kubernetes/cmd/kubelet/app/server.go:617.2,617.39 1 0
k8s.io/kubernetes/cmd/kubelet/app/server.go:626.2,628.38 2 0
k8s.io/kubernetes/cmd/kubelet/app/server.go:693.2,693.43 1 0
k8s.io/kubernetes/cmd/kubelet/app/server.go:697.2,703.76 4 0
k8s.io/kubernetes/cmd/kubelet/app/server.go:707.2,707.59 1 0
k8s.io/kubernetes/cmd/kubelet/app/server.go:711.2,711.23 1 0
k8s.io/kubernetes/cmd/kubelet/app/server.go:721.2,721.15 1 0
k8s.io/kubernetes/cmd/kubelet/app/server.go:726.2,728.9 2 0
k8s.io/kubernetes/cmd/kubelet/app/server.go:735.2,735.12 1 0
k8s.io/kubernetes/cmd/kubelet/app/server.go:472.16,474.3 1 0
k8s.io/kubernetes/cmd/kubelet/app/server.go:476.57,478.3 1 0
k8s.io/kubernetes/cmd/kubelet/app/server.go:481.52,483.3 1 0
k8s.io/kubernetes/cmd/kubelet/app/server.go:485.26,487.55 2 0
k8s.io/kubernetes/cmd/kubelet/app/server.go:490.3,490.29 1 0
k8s.io/kubernetes/cmd/kubelet/app/server.go:487.55,489.4 1 0
k8s.io/kubernetes/cmd/kubelet/app/server.go:490.29,492.75 2 0
k8s.io/kubernetes/cmd/kubelet/app/server.go:492.75,494.5 1 0
k8s.io/kubernetes/cmd/kubelet/app/server.go:500.16,502.3 1 0
k8s.io/kubernetes/cmd/kubelet/app/server.go:506.27,508.3 1 0
k8s.io/kubernetes/cmd/kubelet/app/server.go:510.21,512.17 2 0
k8s.io/kubernetes/cmd/kubelet/app/server.go:512.17,514.4 1 0
k8s.io/kubernetes/cmd/kubelet/app/server.go:517.27,518.49 1 0
k8s.io/kubernetes/cmd/kubelet/app/server.go:518.49,520.18 2 0
k8s.io/kubernetes/cmd/kubelet/app/server.go:523.4,523.20 1 0
k8s.io/kubernetes/cmd/kubelet/app/server.go:528.4,528.26 1 0
k8s.io/kubernetes/cmd/kubelet/app/server.go:520.18,522.5 1 0
k8s.io/kubernetes/cmd/kubelet/app/server.go:523.20,525.5 1 0
k8s.io/kubernetes/cmd/kubelet/app/server.go:525.10,527.5 1 0
k8s.io/kubernetes/cmd/kubelet/app/server.go:533.16,535.3 1 0
k8s.io/kubernetes/cmd/kubelet/app/server.go:537.16,539.3 1 0
k8s.io/kubernetes/cmd/kubelet/app/server.go:543.22,548.50 5 0
k8s.io/kubernetes/cmd/kubelet/app/server.go:550.131,552.17 2 0
k8s.io/kubernetes/cmd/kubelet/app/server.go:555.3,558.17 3 0
k8s.io/kubernetes/cmd/kubelet/app/server.go:562.3,563.17 2 0
k8s.io/kubernetes/cmd/kubelet/app/server.go:568.3,572.17 5 0
k8s.io/kubernetes/cmd/kubelet/app/server.go:577.3,580.65 3 0
k8s.io/kubernetes/cmd/kubelet/app/server.go:586.3,588.17 3 0
k8s.io/kubernetes/cmd/kubelet/app/server.go:593.3,596.17 4 0
k8s.io/kubernetes/cmd/kubelet/app/server.go:552.17,554.4 1 0
k8s.io/kubernetes/cmd/kubelet/app/server.go:558.17,560.4 1 0
k8s.io/kubernetes/cmd/kubelet/app/server.go:563.17,565.4 1 0
k8s.io/kubernetes/cmd/kubelet/app/server.go:572.17,574.4 1 0
k8s.io/kubernetes/cmd/kubelet/app/server.go:580.65,582.52 2 0
k8s.io/kubernetes/cmd/kubelet/app/server.go:582.52,584.5 1 0
k8s.io/kubernetes/cmd/kubelet/app/server.go:588.17,590.4 1 0
k8s.io/kubernetes/cmd/kubelet/app/server.go:596.17,598.4 1 0
k8s.io/kubernetes/cmd/kubelet/app/server.go:603.76,604.129 1 0
k8s.io/kubernetes/cmd/kubelet/app/server.go:604.129,606.4 1 0
k8s.io/kubernetes/cmd/kubelet/app/server.go:609.26,611.17 2 0
k8s.io/kubernetes/cmd/kubelet/app/server.go:614.3,614.23 1 0
k8s.io/kubernetes/cmd/kubelet/app/server.go:611.17,613.4 1 0
k8s.io/kubernetes/cmd/kubelet/app/server.go:617.39,620.17 3 0
k8s.io/kubernetes/cmd/kubelet/app/server.go:620.17,622.4 1 0
k8s.io/kubernetes/cmd/kubelet/app/server.go:628.38,629.44 1 0
k8s.io/kubernetes/cmd/kubelet/app/server.go:633.3,634.17 2 0
k8s.io/kubernetes/cmd/kubelet/app/server.go:637.3,638.17 2 0
k8s.io/kubernetes/cmd/kubelet/app/server.go:641.3,643.60 2 0
k8s.io/kubernetes/cmd/kubelet/app/server.go:649.3,650.17 2 0
k8s.io/kubernetes/cmd/kubelet/app/server.go:654.3,688.17 3 0
k8s.io/kubernetes/cmd/kubelet/app/server.go:629.44,632.4 2 0
k8s.io/kubernetes/cmd/kubelet/app/server.go:634.17,636.4 1 0
k8s.io/kubernetes/cmd/kubelet/app/server.go:638.17,640.4 1 0
k8s.io/kubernetes/cmd/kubelet/app/server.go:643.60,645.18 2 0
k8s.io/kubernetes/cmd/kubelet/app/server.go:645.18,647.5 1 0
k8s.io/kubernetes/cmd/kubelet/app/server.go:650.17,652.4 1 0
k8s.io/kubernetes/cmd/kubelet/app/server.go:688.17,690.4 1 0
k8s.io/kubernetes/cmd/kubelet/app/server.go:693.43,695.3 1 0
k8s.io/kubernetes/cmd/kubelet/app/server.go:703.76,705.3 1 0
k8s.io/kubernetes/cmd/kubelet/app/server.go:707.59,709.3 1 0
k8s.io/kubernetes/cmd/kubelet/app/server.go:711.23,713.24 2 0
k8s.io/kubernetes/cmd/kubelet/app/server.go:713.24,715.18 2 0
k8s.io/kubernetes/cmd/kubelet/app/server.go:715.18,717.5 1 0
k8s.io/kubernetes/cmd/kubelet/app/server.go:721.15,723.3 1 0
k8s.io/kubernetes/cmd/kubelet/app/server.go:729.14,730.8 1 0
k8s.io/kubernetes/cmd/kubelet/app/server.go:731.16,732.8 1 0
k8s.io/kubernetes/cmd/kubelet/app/server.go:740.118,741.109 1 0
k8s.io/kubernetes/cmd/kubelet/app/server.go:788.2,788.36 1 0
k8s.io/kubernetes/cmd/kubelet/app/server.go:794.2,798.16 2 0
k8s.io/kubernetes/cmd/kubelet/app/server.go:802.2,804.31 2 0
k8s.io/kubernetes/cmd/kubelet/app/server.go:741.109,761.17 3 0
k8s.io/kubernetes/cmd/kubelet/app/server.go:765.3,766.17 2 0
k8s.io/kubernetes/cmd/kubelet/app/server.go:771.3,778.17 4 0
k8s.io/kubernetes/cmd/kubelet/app/server.go:782.3,785.45 3 0
k8s.io/kubernetes/cmd/kubelet/app/server.go:761.17,763.4 1 0
k8s.io/kubernetes/cmd/kubelet/app/server.go:766.17,768.4 1 0
k8s.io/kubernetes/cmd/kubelet/app/server.go:778.17,780.4 1 0
k8s.io/kubernetes/cmd/kubelet/app/server.go:788.36,789.114 1 0
k8s.io/kubernetes/cmd/kubelet/app/server.go:789.114,791.4 1 0
k8s.io/kubernetes/cmd/kubelet/app/server.go:798.16,800.3 1 0
k8s.io/kubernetes/cmd/kubelet/app/server.go:810.151,811.111 1 0
k8s.io/kubernetes/cmd/kubelet/app/server.go:827.2,840.3 1 0
k8s.io/kubernetes/cmd/kubelet/app/server.go:811.111,817.21 2 0
k8s.io/kubernetes/cmd/kubelet/app/server.go:820.3,821.17 2 0
k8s.io/kubernetes/cmd/kubelet/app/server.go:824.3,824.72 1 0
k8s.io/kubernetes/cmd/kubelet/app/server.go:817.21,819.4 1 0
k8s.io/kubernetes/cmd/kubelet/app/server.go:821.17,823.4 1 0
k8s.io/kubernetes/cmd/kubelet/app/server.go:843.91,848.2 3 0
k8s.io/kubernetes/cmd/kubelet/app/server.go:852.90,853.18 1 0
k8s.io/kubernetes/cmd/kubelet/app/server.go:857.2,858.9 2 0
k8s.io/kubernetes/cmd/kubelet/app/server.go:862.2,863.16 2 0
k8s.io/kubernetes/cmd/kubelet/app/server.go:867.2,869.22 2 0
k8s.io/kubernetes/cmd/kubelet/app/server.go:853.18,855.3 1 0
k8s.io/kubernetes/cmd/kubelet/app/server.go:858.9,860.3 1 0
k8s.io/kubernetes/cmd/kubelet/app/server.go:863.16,865.3 1 0
k8s.io/kubernetes/cmd/kubelet/app/server.go:874.122,875.82 1 0
k8s.io/kubernetes/cmd/kubelet/app/server.go:905.2,906.16 2 0
k8s.io/kubernetes/cmd/kubelet/app/server.go:910.2,911.16 2 0
k8s.io/kubernetes/cmd/kubelet/app/server.go:915.2,924.50 2 0
k8s.io/kubernetes/cmd/kubelet/app/server.go:935.2,935.24 1 0
k8s.io/kubernetes/cmd/kubelet/app/server.go:875.82,880.17 4 0
k8s.io/kubernetes/cmd/kubelet/app/server.go:883.3,883.25 1 0
k8s.io/kubernetes/cmd/kubelet/app/server.go:880.17,882.4 1 0
k8s.io/kubernetes/cmd/kubelet/app/server.go:883.25,885.18 2 0
k8s.io/kubernetes/cmd/kubelet/app/server.go:888.4,889.18 2 0
k8s.io/kubernetes/cmd/kubelet/app/server.go:893.4,893.67 1 0
k8s.io/kubernetes/cmd/kubelet/app/server.go:897.4,897.71 1 0
k8s.io/kubernetes/cmd/kubelet/app/server.go:901.4,901.92 1 0
k8s.io/kubernetes/cmd/kubelet/app/server.go:885.18,887.5 1 0
k8s.io/kubernetes/cmd/kubelet/app/server.go:889.18,891.5 1 0
k8s.io/kubernetes/cmd/kubelet/app/server.go:893.67,895.5 1 0
k8s.io/kubernetes/cmd/kubelet/app/server.go:897.71,899.5 1 0
k8s.io/kubernetes/cmd/kubelet/app/server.go:906.16,908.3 1 0
k8s.io/kubernetes/cmd/kubelet/app/server.go:911.16,913.3 1 0
k8s.io/kubernetes/cmd/kubelet/app/server.go:924.50,926.17 2 0
k8s.io/kubernetes/cmd/kubelet/app/server.go:930.3,932.55 2 0
k8s.io/kubernetes/cmd/kubelet/app/server.go:926.17,928.4 1 0
k8s.io/kubernetes/cmd/kubelet/app/server.go:943.104,945.16 2 0
k8s.io/kubernetes/cmd/kubelet/app/server.go:949.2,950.16 2 0
k8s.io/kubernetes/cmd/kubelet/app/server.go:954.2,962.16 3 0
k8s.io/kubernetes/cmd/kubelet/app/server.go:966.2,967.16 2 0
k8s.io/kubernetes/cmd/kubelet/app/server.go:971.2,972.16 2 0
k8s.io/kubernetes/cmd/kubelet/app/server.go:976.2,986.33 5 0
k8s.io/kubernetes/cmd/kubelet/app/server.go:990.2,1021.16 2 0
k8s.io/kubernetes/cmd/kubelet/app/server.go:1027.2,1027.31 1 0
k8s.io/kubernetes/cmd/kubelet/app/server.go:1030.2,1035.13 3 0
k8s.io/kubernetes/cmd/kubelet/app/server.go:1044.2,1044.12 1 0
k8s.io/kubernetes/cmd/kubelet/app/server.go:945.16,947.3 1 0
k8s.io/kubernetes/cmd/kubelet/app/server.go:950.16,952.3 1 0
k8s.io/kubernetes/cmd/kubelet/app/server.go:962.16,964.3 1 0
k8s.io/kubernetes/cmd/kubelet/app/server.go:967.16,969.3 1 0
k8s.io/kubernetes/cmd/kubelet/app/server.go:972.16,974.3 1 0
k8s.io/kubernetes/cmd/kubelet/app/server.go:986.33,988.3 1 0
k8s.io/kubernetes/cmd/kubelet/app/server.go:1021.16,1023.3 1 0
k8s.io/kubernetes/cmd/kubelet/app/server.go:1027.31,1029.3 1 0
k8s.io/kubernetes/cmd/kubelet/app/server.go:1035.13,1036.56 1 0
k8s.io/kubernetes/cmd/kubelet/app/server.go:1039.3,1039.42 1 0
k8s.io/kubernetes/cmd/kubelet/app/server.go:1036.56,1038.4 1 0
k8s.io/kubernetes/cmd/kubelet/app/server.go:1040.8,1043.3 2 0
k8s.io/kubernetes/cmd/kubelet/app/server.go:1047.170,1049.23 1 0
k8s.io/kubernetes/cmd/kubelet/app/server.go:1054.2,1054.18 1 0
k8s.io/kubernetes/cmd/kubelet/app/server.go:1058.2,1058.30 1 0
k8s.io/kubernetes/cmd/kubelet/app/server.go:1061.2,1061.74 1 0
k8s.io/kubernetes/cmd/kubelet/app/server.go:1049.23,1051.3 1 0
k8s.io/kubernetes/cmd/kubelet/app/server.go:1054.18,1057.3 1 0
k8s.io/kubernetes/cmd/kubelet/app/server.go:1058.30,1060.3 1 0
k8s.io/kubernetes/cmd/kubelet/app/server.go:1061.74,1063.3 1 0
k8s.io/kubernetes/cmd/kubelet/app/server.go:1096.62,1131.16 2 0
k8s.io/kubernetes/cmd/kubelet/app/server.go:1135.2,1139.15 3 0
k8s.io/kubernetes/cmd/kubelet/app/server.go:1131.16,1133.3 1 0
k8s.io/kubernetes/cmd/kubelet/app/server.go:1144.70,1145.17 1 0
k8s.io/kubernetes/cmd/kubelet/app/server.go:1148.2,1149.22 2 0
k8s.io/kubernetes/cmd/kubelet/app/server.go:1165.2,1165.16 1 0
k8s.io/kubernetes/cmd/kubelet/app/server.go:1145.17,1147.3 1 0
k8s.io/kubernetes/cmd/kubelet/app/server.go:1149.22,1150.29 1 0
k8s.io/kubernetes/cmd/kubelet/app/server.go:1152.71,1154.18 2 0
k8s.io/kubernetes/cmd/kubelet/app/server.go:1157.4,1157.22 1 0
k8s.io/kubernetes/cmd/kubelet/app/server.go:1160.4,1160.30 1 0
k8s.io/kubernetes/cmd/kubelet/app/server.go:1161.11,1162.59 1 0
k8s.io/kubernetes/cmd/kubelet/app/server.go:1154.18,1156.5 1 0
k8s.io/kubernetes/cmd/kubelet/app/server.go:1157.22,1159.5 1 0
k8s.io/kubernetes/cmd/kubelet/app/server.go:1169.197,1170.76 1 0
k8s.io/kubernetes/cmd/kubelet/app/server.go:1173.2,1173.32 1 0
k8s.io/kubernetes/cmd/kubelet/app/server.go:1178.2,1179.16 2 0
k8s.io/kubernetes/cmd/kubelet/app/server.go:1183.2,1185.16 3 0
k8s.io/kubernetes/cmd/kubelet/app/server.go:1188.2,1188.19 1 0
k8s.io/kubernetes/cmd/kubelet/app/server.go:1170.76,1172.3 1 0
k8s.io/kubernetes/cmd/kubelet/app/server.go:1173.32,1175.3 1 0
k8s.io/kubernetes/cmd/kubelet/app/server.go:1179.16,1181.3 1 0
k8s.io/kubernetes/cmd/kubelet/app/server.go:1185.16,1187.3 1 0
k8s.io/kubernetes/cmd/kubelet/app/server.go:1193.122,1226.16 6 0
k8s.io/kubernetes/cmd/kubelet/app/server.go:1229.2,1231.39 3 0
k8s.io/kubernetes/cmd/kubelet/app/server.go:1234.2,1235.12 2 0
k8s.io/kubernetes/cmd/kubelet/app/server.go:1226.16,1228.3 1 0
k8s.io/kubernetes/cmd/kubelet/app/server.go:1231.39,1233.3 1 0
k8s.io/kubernetes/cmd/kubelet/app/server_linux.go:24.72,26.16 2 0
k8s.io/kubernetes/cmd/kubelet/app/server_linux.go:30.2,30.86 1 0
k8s.io/kubernetes/cmd/kubelet/app/server_linux.go:34.2,34.12 1 0
k8s.io/kubernetes/cmd/kubelet/app/server_linux.go:43.2,43.12 1 0
k8s.io/kubernetes/cmd/kubelet/app/server_linux.go:26.16,29.3 2 0
k8s.io/kubernetes/cmd/kubelet/app/server_linux.go:30.86,33.3 2 0
k8s.io/kubernetes/cmd/kubelet/app/server_linux.go:34.12,35.10 1 0
k8s.io/kubernetes/cmd/kubelet/app/server_linux.go:41.3,41.14 1 0
k8s.io/kubernetes/cmd/kubelet/app/server_linux.go:36.30,37.39 1 0
k8s.io/kubernetes/cmd/kubelet/app/server_linux.go:38.30,39.49 1 0
